{"C:\\Users\\proje\\javascript-baseball-6\\src\\App.js": {"path":"C:\\Users\\proje\\javascript-baseball-6\\src\\App.js","statementMap":{"0":{"start":{"line":6,"column":22},"end":{"line":6,"column":31}},"1":{"start":{"line":7,"column":6},"end":{"line":9,"column":7}},"2":{"start":{"line":8,"column":8},"end":{"line":8,"column":52}},"3":{"start":{"line":10,"column":6},"end":{"line":10,"column":35}},"4":{"start":{"line":14,"column":20},"end":{"line":14,"column":21}},"5":{"start":{"line":15,"column":18},"end":{"line":15,"column":19}},"6":{"start":{"line":17,"column":6},"end":{"line":23,"column":7}},"7":{"start":{"line":17,"column":19},"end":{"line":17,"column":20}},"8":{"start":{"line":18,"column":8},"end":{"line":22,"column":9}},"9":{"start":{"line":19,"column":10},"end":{"line":19,"column":20}},"10":{"start":{"line":20,"column":15},"end":{"line":22,"column":9}},"11":{"start":{"line":21,"column":10},"end":{"line":21,"column":18}},"12":{"start":{"line":25,"column":6},"end":{"line":31,"column":7}},"13":{"start":{"line":26,"column":8},"end":{"line":26,"column":46}},"14":{"start":{"line":27,"column":13},"end":{"line":31,"column":7}},"15":{"start":{"line":28,"column":8},"end":{"line":28,"column":43}},"16":{"start":{"line":30,"column":8},"end":{"line":30,"column":20}},"17":{"start":{"line":34,"column":4},"end":{"line":36,"column":6}},"18":{"start":{"line":38,"column":23},"end":{"line":38,"column":45}},"19":{"start":{"line":39,"column":19},"end":{"line":39,"column":20}},"20":{"start":{"line":41,"column":4},"end":{"line":74,"column":5}},"21":{"start":{"line":42,"column":6},"end":{"line":73,"column":7}},"22":{"start":{"line":43,"column":24},"end":{"line":45,"column":9}},"23":{"start":{"line":47,"column":8},"end":{"line":51,"column":9}},"24":{"start":{"line":48,"column":10},"end":{"line":50,"column":12}},"25":{"start":{"line":53,"column":8},"end":{"line":53,"column":19}},"26":{"start":{"line":54,"column":25},"end":{"line":54,"column":59}},"27":{"start":{"line":55,"column":8},"end":{"line":55,"column":32}},"28":{"start":{"line":57,"column":8},"end":{"line":69,"column":9}},"29":{"start":{"line":58,"column":10},"end":{"line":58,"column":55}},"30":{"start":{"line":59,"column":28},"end":{"line":61,"column":11}},"31":{"start":{"line":62,"column":10},"end":{"line":68,"column":11}},"32":{"start":{"line":63,"column":12},"end":{"line":63,"column":18}},"33":{"start":{"line":66,"column":12},"end":{"line":66,"column":50}},"34":{"start":{"line":67,"column":12},"end":{"line":67,"column":25}},"35":{"start":{"line":71,"column":8},"end":{"line":71,"column":37}},"36":{"start":{"line":72,"column":8},"end":{"line":72,"column":14}},"37":{"start":{"line":81,"column":12},"end":{"line":81,"column":21}},"38":{"start":{"line":82,"column":0},"end":{"line":82,"column":11}}},"fnMap":{"0":{"name":"(anonymous_0)","decl":{"start":{"line":4,"column":2},"end":{"line":4,"column":3}},"loc":{"start":{"line":4,"column":15},"end":{"line":75,"column":3}},"line":4},"1":{"name":"generateRandomNumber","decl":{"start":{"line":5,"column":13},"end":{"line":5,"column":33}},"loc":{"start":{"line":5,"column":36},"end":{"line":11,"column":5}},"line":5},"2":{"name":"getFeedback","decl":{"start":{"line":13,"column":13},"end":{"line":13,"column":24}},"loc":{"start":{"line":13,"column":48},"end":{"line":32,"column":5}},"line":13}},"branchMap":{"0":{"loc":{"start":{"line":18,"column":8},"end":{"line":22,"column":9}},"type":"if","locations":[{"start":{"line":18,"column":8},"end":{"line":22,"column":9}},{"start":{"line":20,"column":15},"end":{"line":22,"column":9}}],"line":18},"1":{"loc":{"start":{"line":20,"column":15},"end":{"line":22,"column":9}},"type":"if","locations":[{"start":{"line":20,"column":15},"end":{"line":22,"column":9}},{"start":{},"end":{}}],"line":20},"2":{"loc":{"start":{"line":25,"column":6},"end":{"line":31,"column":7}},"type":"if","locations":[{"start":{"line":25,"column":6},"end":{"line":31,"column":7}},{"start":{"line":27,"column":13},"end":{"line":31,"column":7}}],"line":25},"3":{"loc":{"start":{"line":27,"column":13},"end":{"line":31,"column":7}},"type":"if","locations":[{"start":{"line":27,"column":13},"end":{"line":31,"column":7}},{"start":{"line":29,"column":13},"end":{"line":31,"column":7}}],"line":27},"4":{"loc":{"start":{"line":27,"column":17},"end":{"line":27,"column":41}},"type":"binary-expr","locations":[{"start":{"line":27,"column":17},"end":{"line":27,"column":28}},{"start":{"line":27,"column":32},"end":{"line":27,"column":41}}],"line":27},"5":{"loc":{"start":{"line":47,"column":8},"end":{"line":51,"column":9}},"type":"if","locations":[{"start":{"line":47,"column":8},"end":{"line":51,"column":9}},{"start":{},"end":{}}],"line":47},"6":{"loc":{"start":{"line":47,"column":12},"end":{"line":47,"column":61}},"type":"binary-expr","locations":[{"start":{"line":47,"column":12},"end":{"line":47,"column":32}},{"start":{"line":47,"column":36},"end":{"line":47,"column":61}}],"line":47},"7":{"loc":{"start":{"line":57,"column":8},"end":{"line":69,"column":9}},"type":"if","locations":[{"start":{"line":57,"column":8},"end":{"line":69,"column":9}},{"start":{},"end":{}}],"line":57},"8":{"loc":{"start":{"line":62,"column":10},"end":{"line":68,"column":11}},"type":"if","locations":[{"start":{"line":62,"column":10},"end":{"line":68,"column":11}},{"start":{"line":64,"column":17},"end":{"line":68,"column":11}}],"line":62}},"s":{"0":3,"1":3,"2":9,"3":3,"4":2,"5":2,"6":2,"7":2,"8":6,"9":3,"10":3,"11":0,"12":2,"13":1,"14":1,"15":0,"16":1,"17":3,"18":3,"19":3,"20":3,"21":4,"22":4,"23":3,"24":1,"25":2,"26":2,"27":2,"28":2,"29":1,"30":1,"31":1,"32":1,"33":0,"34":0,"35":1,"36":1,"37":1,"38":1},"f":{"0":3,"1":3,"2":2},"b":{"0":[3,3],"1":[0,3],"2":[1,1],"3":[0,1],"4":[1,1],"5":[1,2],"6":[3,2],"7":[1,1],"8":[1,0]},"_coverageSchema":"1a1c01bbd47fc00a2c39e90264f33305004495a9","hash":"2a3b9461414ab85720f62e188ea729f84f579c21"}
}
