TN:
SF:src\App.js
FN:4,(anonymous_0)
FN:5,generateRandomNumber
FN:13,getFeedback
FNF:3
FNH:3
FNDA:3,(anonymous_0)
FNDA:3,generateRandomNumber
FNDA:2,getFeedback
DA:6,3
DA:7,3
DA:8,9
DA:10,3
DA:14,2
DA:15,2
DA:17,2
DA:18,6
DA:19,3
DA:20,3
DA:21,0
DA:25,2
DA:26,1
DA:27,1
DA:28,0
DA:30,1
DA:34,3
DA:38,3
DA:39,3
DA:41,3
DA:42,4
DA:43,4
DA:47,3
DA:48,1
DA:53,2
DA:54,2
DA:55,2
DA:57,2
DA:58,1
DA:59,1
DA:62,1
DA:63,1
DA:66,0
DA:67,0
DA:71,1
DA:72,1
DA:81,1
DA:82,1
LF:38
LH:34
BRDA:18,0,0,3
BRDA:18,0,1,3
BRDA:20,1,0,0
BRDA:20,1,1,3
BRDA:25,2,0,1
BRDA:25,2,1,1
BRDA:27,3,0,0
BRDA:27,3,1,1
BRDA:27,4,0,1
BRDA:27,4,1,1
BRDA:47,5,0,1
BRDA:47,5,1,2
BRDA:47,6,0,3
BRDA:47,6,1,2
BRDA:57,7,0,1
BRDA:57,7,1,1
BRDA:62,8,0,1
BRDA:62,8,1,0
BRF:18
BRH:15
end_of_record
